<?xml version="1.0" encoding="UTF-8"?>
<!-- Generated by org.testng.reporters.JUnitReportReporter -->
<testsuite hostname="Mitali" name="SampleTest" tests="2" failures="0" timestamp="16 Sep 2015 18:26:36 GMT" time="0.015" errors="0">
  <testcase name="registerTest" time="0.001" classname="SampleTest"/>
  <testcase name="loginTest" time="0.014" classname="SampleTest"/>
</testsuite> <!-- SampleTest -->
