<?xml version="1.0" encoding="UTF-8"?>
<!-- Generated by org.testng.reporters.JUnitReportReporter -->
<testsuite hostname="Mitali" name="test.YahooNewsTest" tests="1" failures="0" timestamp="9 Oct 2015 20:02:30 GMT" time="0.005" errors="0">
  <testcase name="newsTest" time="0.005" classname="test.YahooNewsTest"/>
</testsuite>
