<?xml version="1.0" encoding="UTF-8"?>
<!-- Generated by org.testng.reporters.JUnitReportReporter -->
<testsuite hostname="Mitali" name="test.YahooRegisterTest" tests="3" failures="0" timestamp="9 Oct 2015 20:02:30 GMT" time="0.003" errors="0">
  <testcase name="registrationTest" time="0.001" classname="test.YahooRegisterTest"/>
  <testcase name="registrationTest" time="0.001" classname="test.YahooRegisterTest"/>
  <testcase name="registrationTest" time="0.001" classname="test.YahooRegisterTest"/>
</testsuite>
